<?xml version="1.0" encoding="UTF-8"?>
<testng-results ignored="0" total="1" passed="1" failed="0" skipped="0">
  <reporter-output>
  </reporter-output>
  <suite started-at="2021-07-25T23:14:21 IST" name="maven_demo.TestHello" finished-at="2021-07-25T23:14:22 IST" duration-ms="73">
    <groups>
    </groups>
    <test started-at="2021-07-25T23:14:21 IST" name="Command line test" finished-at="2021-07-25T23:14:22 IST" duration-ms="73">
      <class name="maven_demo.TestHello">
        <test-method signature="testHello()[pri:0, instance:maven_demo.TestHello@6eceb130]" started-at="2021-07-25T23:14:22 IST" name="testHello" finished-at="2021-07-25T23:14:22 IST" duration-ms="6" status="PASS">
          <reporter-output>
          </reporter-output>
        </test-method> <!-- testHello -->
      </class> <!-- maven_demo.TestHello -->
    </test> <!-- Command line test -->
  </suite> <!-- maven_demo.TestHello -->
</testng-results>
